<?xml version="1.0" encoding="UTF-8"?>
<testsuite name="com.cegeka.school.EvaluationApplicationTests" tests="1" skipped="0" failures="0" errors="0" timestamp="2017-03-08T13:14:35" hostname="HI31031" time="0.081">
  <properties/>
  <testcase name="contextLoads" classname="com.cegeka.school.EvaluationApplicationTests" time="0.081"/>
  <system-out><![CDATA[14:14:32.348 [Test worker] DEBUG org.springframework.test.context.junit4.SpringJUnit4ClassRunner - SpringJUnit4ClassRunner constructor called with [class com.cegeka.school.EvaluationApplicationTests]
14:14:32.353 [Test worker] DEBUG org.springframework.test.context.BootstrapUtils - Instantiating CacheAwareContextLoaderDelegate from class [org.springframework.test.context.cache.DefaultCacheAwareContextLoaderDelegate]
14:14:32.361 [Test worker] DEBUG org.springframework.test.context.BootstrapUtils - Instantiating BootstrapContext using constructor [public org.springframework.test.context.support.DefaultBootstrapContext(java.lang.Class,org.springframework.test.context.CacheAwareContextLoaderDelegate)]
14:14:32.376 [Test worker] DEBUG org.springframework.test.context.BootstrapUtils - Instantiating TestContextBootstrapper for test class [com.cegeka.school.EvaluationApplicationTests] from class [org.springframework.boot.test.context.SpringBootTestContextBootstrapper]
14:14:32.388 [Test worker] INFO org.springframework.boot.test.context.SpringBootTestContextBootstrapper - Neither @ContextConfiguration nor @ContextHierarchy found for test class [com.cegeka.school.EvaluationApplicationTests], using SpringBootContextLoader
14:14:32.391 [Test worker] DEBUG org.springframework.test.context.support.AbstractContextLoader - Did not detect default resource location for test class [com.cegeka.school.EvaluationApplicationTests]: class path resource [com/cegeka/school/EvaluationApplicationTests-context.xml] does not exist
14:14:32.391 [Test worker] DEBUG org.springframework.test.context.support.AbstractContextLoader - Did not detect default resource location for test class [com.cegeka.school.EvaluationApplicationTests]: class path resource [com/cegeka/school/EvaluationApplicationTestsContext.groovy] does not exist
14:14:32.391 [Test worker] INFO org.springframework.test.context.support.AbstractContextLoader - Could not detect default resource locations for test class [com.cegeka.school.EvaluationApplicationTests]: no resource found for suffixes {-context.xml, Context.groovy}.
14:14:32.392 [Test worker] INFO org.springframework.test.context.support.AnnotationConfigContextLoaderUtils - Could not detect default configuration classes for test class [com.cegeka.school.EvaluationApplicationTests]: EvaluationApplicationTests does not declare any static, non-private, non-final, nested classes annotated with @Configuration.
14:14:32.430 [Test worker] DEBUG org.springframework.test.context.support.ActiveProfilesUtils - Could not find an 'annotation declaring class' for annotation type [org.springframework.test.context.ActiveProfiles] and class [com.cegeka.school.EvaluationApplicationTests]
14:14:32.437 [Test worker] DEBUG org.springframework.core.env.StandardEnvironment - Adding [systemProperties] PropertySource with lowest search precedence
14:14:32.437 [Test worker] DEBUG org.springframework.core.env.StandardEnvironment - Adding [systemEnvironment] PropertySource with lowest search precedence
14:14:32.438 [Test worker] DEBUG org.springframework.core.env.StandardEnvironment - Initialized StandardEnvironment with PropertySources [systemProperties,systemEnvironment]
14:14:32.447 [Test worker] DEBUG org.springframework.core.io.support.PathMatchingResourcePatternResolver - Resolved classpath location [com/cegeka/school/] to resources [URL [file:/D:/lesgeven/SetupEnvProject/evaluation-rest/build/classes/test/com/cegeka/school/], URL [file:/D:/lesgeven/SetupEnvProject/evaluation-rest/build/classes/main/com/cegeka/school/]]
14:14:32.447 [Test worker] DEBUG org.springframework.core.io.support.PathMatchingResourcePatternResolver - Looking for matching resources in directory tree [D:\lesgeven\SetupEnvProject\evaluation-rest\build\classes\test\com\cegeka\school]
14:14:32.448 [Test worker] DEBUG org.springframework.core.io.support.PathMatchingResourcePatternResolver - Searching directory [D:\lesgeven\SetupEnvProject\evaluation-rest\build\classes\test\com\cegeka\school] for files matching pattern [D:/lesgeven/SetupEnvProject/evaluation-rest/build/classes/test/com/cegeka/school/*.class]
14:14:32.451 [Test worker] DEBUG org.springframework.core.io.support.PathMatchingResourcePatternResolver - Looking for matching resources in directory tree [D:\lesgeven\SetupEnvProject\evaluation-rest\build\classes\main\com\cegeka\school]
14:14:32.451 [Test worker] DEBUG org.springframework.core.io.support.PathMatchingResourcePatternResolver - Searching directory [D:\lesgeven\SetupEnvProject\evaluation-rest\build\classes\main\com\cegeka\school] for files matching pattern [D:/lesgeven/SetupEnvProject/evaluation-rest/build/classes/main/com/cegeka/school/*.class]
14:14:32.452 [Test worker] DEBUG org.springframework.core.io.support.PathMatchingResourcePatternResolver - Resolved location pattern [classpath*:com/cegeka/school/*.class] to resources [file [D:\lesgeven\SetupEnvProject\evaluation-rest\build\classes\test\com\cegeka\school\EvaluationApplicationTests.class], file [D:\lesgeven\SetupEnvProject\evaluation-rest\build\classes\main\com\cegeka\school\EvaluationApplication.class]]
14:14:32.495 [Test worker] DEBUG org.springframework.context.annotation.ClassPathScanningCandidateComponentProvider - Identified candidate component class: file [D:\lesgeven\SetupEnvProject\evaluation-rest\build\classes\main\com\cegeka\school\EvaluationApplication.class]
14:14:32.495 [Test worker] INFO org.springframework.boot.test.context.SpringBootTestContextBootstrapper - Found @SpringBootConfiguration com.cegeka.school.EvaluationApplication for test class com.cegeka.school.EvaluationApplicationTests
14:14:32.495 [Test worker] DEBUG org.springframework.boot.test.context.SpringBootTestContextBootstrapper - @TestExecutionListeners is not present for class [com.cegeka.school.EvaluationApplicationTests]: using defaults.
14:14:32.495 [Test worker] INFO org.springframework.boot.test.context.SpringBootTestContextBootstrapper - Loaded default TestExecutionListener class names from location [META-INF/spring.factories]: [org.springframework.boot.test.mock.mockito.MockitoTestExecutionListener, org.springframework.boot.test.mock.mockito.ResetMocksTestExecutionListener, org.springframework.boot.test.autoconfigure.restdocs.RestDocsTestExecutionListener, org.springframework.boot.test.autoconfigure.web.client.MockRestServiceServerResetTestExecutionListener, org.springframework.boot.test.autoconfigure.web.servlet.MockMvcPrintOnlyOnFailureTestExecutionListener, org.springframework.boot.test.autoconfigure.web.servlet.WebDriverTestExecutionListener, org.springframework.test.context.web.ServletTestExecutionListener, org.springframework.test.context.support.DirtiesContextBeforeModesTestExecutionListener, org.springframework.test.context.support.DependencyInjectionTestExecutionListener, org.springframework.test.context.support.DirtiesContextTestExecutionListener, org.springframework.test.context.transaction.TransactionalTestExecutionListener, org.springframework.test.context.jdbc.SqlScriptsTestExecutionListener]
14:14:32.527 [Test worker] INFO org.springframework.boot.test.context.SpringBootTestContextBootstrapper - Using TestExecutionListeners: [org.springframework.test.context.web.ServletTestExecutionListener@35f1f54a, org.springframework.test.context.support.DirtiesContextBeforeModesTestExecutionListener@5f069250, org.springframework.boot.test.autoconfigure.SpringBootDependencyInjectionTestExecutionListener@51210144, org.springframework.test.context.support.DirtiesContextTestExecutionListener@d2a1576, org.springframework.test.context.transaction.TransactionalTestExecutionListener@374bfa3c, org.springframework.test.context.jdbc.SqlScriptsTestExecutionListener@5c346a97, org.springframework.boot.test.autoconfigure.web.servlet.MockMvcPrintOnlyOnFailureTestExecutionListener@5c66b74, org.springframework.boot.test.autoconfigure.restdocs.RestDocsTestExecutionListener@589a5f1f, org.springframework.boot.test.autoconfigure.web.client.MockRestServiceServerResetTestExecutionListener@30e8d42a, org.springframework.boot.test.mock.mockito.MockitoTestExecutionListener@4f777072, org.springframework.boot.test.mock.mockito.ResetMocksTestExecutionListener@795c2f23, org.springframework.boot.test.autoconfigure.web.servlet.WebDriverTestExecutionListener@73b4f5b0]
14:14:32.530 [Test worker] DEBUG org.springframework.test.annotation.ProfileValueUtils - Retrieved @ProfileValueSourceConfiguration [null] for test class [com.cegeka.school.EvaluationApplicationTests]
14:14:32.530 [Test worker] DEBUG org.springframework.test.annotation.ProfileValueUtils - Retrieved ProfileValueSource type [class org.springframework.test.annotation.SystemProfileValueSource] for class [com.cegeka.school.EvaluationApplicationTests]
14:14:32.531 [Test worker] DEBUG org.springframework.test.annotation.ProfileValueUtils - Retrieved @ProfileValueSourceConfiguration [null] for test class [com.cegeka.school.EvaluationApplicationTests]
14:14:32.531 [Test worker] DEBUG org.springframework.test.annotation.ProfileValueUtils - Retrieved ProfileValueSource type [class org.springframework.test.annotation.SystemProfileValueSource] for class [com.cegeka.school.EvaluationApplicationTests]
14:14:32.534 [Test worker] DEBUG org.springframework.test.context.support.AbstractDirtiesContextTestExecutionListener - Before test class: context [DefaultTestContext@430feb72 testClass = EvaluationApplicationTests, testInstance = [null], testMethod = [null], testException = [null], mergedContextConfiguration = [WebMergedContextConfiguration@68eb559f testClass = EvaluationApplicationTests, locations = '{}', classes = '{class com.cegeka.school.EvaluationApplication}', contextInitializerClasses = '[]', activeProfiles = '{}', propertySourceLocations = '{}', propertySourceProperties = '{org.springframework.boot.test.context.SpringBootTestContextBootstrapper=true}', contextCustomizers = set[org.springframework.boot.test.context.SpringBootTestContextCustomizer@420668dc, org.springframework.boot.test.context.filter.ExcludeFilterContextCustomizer@3b0e9b5c, org.springframework.boot.test.mock.mockito.MockitoContextCustomizer@0, org.springframework.boot.test.autoconfigure.properties.PropertyMappingContextCustomizer@0, org.springframework.boot.test.autoconfigure.web.servlet.WebDriverContextCustomizerFactory$Customizer@5d5f51b8], resourceBasePath = 'src/main/webapp', contextLoader = 'org.springframework.boot.test.context.SpringBootContextLoader', parent = [null]]], class annotated with @DirtiesContext [false] with mode [null].
14:14:32.535 [Test worker] DEBUG org.springframework.test.annotation.ProfileValueUtils - Retrieved @ProfileValueSourceConfiguration [null] for test class [com.cegeka.school.EvaluationApplicationTests]
14:14:32.535 [Test worker] DEBUG org.springframework.test.annotation.ProfileValueUtils - Retrieved ProfileValueSource type [class org.springframework.test.annotation.SystemProfileValueSource] for class [com.cegeka.school.EvaluationApplicationTests]
14:14:32.588 [Test worker] DEBUG org.springframework.core.env.StandardEnvironment - Adding [systemProperties] PropertySource with lowest search precedence
14:14:32.588 [Test worker] DEBUG org.springframework.core.env.StandardEnvironment - Adding [systemEnvironment] PropertySource with lowest search precedence
14:14:32.588 [Test worker] DEBUG org.springframework.core.env.StandardEnvironment - Initialized StandardEnvironment with PropertySources [systemProperties,systemEnvironment]
14:14:32.590 [Test worker] DEBUG org.springframework.core.env.MutablePropertySources - Adding [inline] PropertySource with highest search precedence
14:14:32.594 [Test worker] DEBUG org.springframework.test.context.support.TestPropertySourceUtils - Adding inlined properties to environment: {spring.jmx.enabled=false, org.springframework.boot.test.context.SpringBootTestContextBootstrapper=true, server.port=-1}
14:14:32.595 [Test worker] DEBUG org.springframework.core.env.StandardEnvironment - Adding [Inlined Test Properties] PropertySource with highest search precedence

  .   ____          _            __ _ _
 /\\ / ___'_ __ _ _(_)_ __  __ _ \ \ \ \
( ( )\___ | '_ | '_| | '_ \/ _` | \ \ \ \
 \\/  ___)| |_)| | | | | || (_| |  ) ) ) )
  '  |____| .__|_| |_|_| |_\__, | / / / /
 =========|_|==============|___/=/_/_/_/
 :: Spring Boot ::        (v1.5.2.RELEASE)

2017-03-08 14:14:32.857  INFO 4616 --- [    Test worker] c.c.school.EvaluationApplicationTests    : Starting EvaluationApplicationTests on HI31031 with PID 4616 (started by SeppeG in D:\lesgeven\SetupEnvProject\evaluation-rest)
2017-03-08 14:14:32.858  INFO 4616 --- [    Test worker] c.c.school.EvaluationApplicationTests    : No active profile set, falling back to default profiles: default
2017-03-08 14:14:32.891  INFO 4616 --- [    Test worker] o.s.w.c.s.GenericWebApplicationContext   : Refreshing org.springframework.web.context.support.GenericWebApplicationContext@4d5f9adf: startup date [Wed Mar 08 14:14:32 CET 2017]; root of context hierarchy
2017-03-08 14:14:33.896  INFO 4616 --- [    Test worker] trationDelegate$BeanPostProcessorChecker : Bean 'org.springframework.transaction.annotation.ProxyTransactionManagementConfiguration' of type [org.springframework.transaction.annotation.ProxyTransactionManagementConfiguration$$EnhancerBySpringCGLIB$$4f5d2aa9] is not eligible for getting processed by all BeanPostProcessors (for example: not eligible for auto-proxying)
2017-03-08 14:14:34.398  INFO 4616 --- [    Test worker] j.LocalContainerEntityManagerFactoryBean : Building JPA container EntityManagerFactory for persistence unit 'default'
2017-03-08 14:14:34.416  INFO 4616 --- [    Test worker] o.hibernate.jpa.internal.util.LogHelper  : HHH000204: Processing PersistenceUnitInfo [
	name: default
	...]
2017-03-08 14:14:34.476  INFO 4616 --- [    Test worker] org.hibernate.Version                    : HHH000412: Hibernate Core {5.0.12.Final}
2017-03-08 14:14:34.477  INFO 4616 --- [    Test worker] org.hibernate.cfg.Environment            : HHH000206: hibernate.properties not found
2017-03-08 14:14:34.478  INFO 4616 --- [    Test worker] org.hibernate.cfg.Environment            : HHH000021: Bytecode provider name : javassist
2017-03-08 14:14:34.516  INFO 4616 --- [    Test worker] o.hibernate.annotations.common.Version   : HCANN000001: Hibernate Commons Annotations {5.0.1.Final}
2017-03-08 14:14:34.611  INFO 4616 --- [    Test worker] org.hibernate.dialect.Dialect            : HHH000400: Using dialect: org.hibernate.dialect.H2Dialect
2017-03-08 14:14:34.888  INFO 4616 --- [    Test worker] org.hibernate.tool.hbm2ddl.SchemaExport  : HHH000227: Running hbm2ddl schema export
2017-03-08 14:14:34.890  INFO 4616 --- [    Test worker] org.hibernate.tool.hbm2ddl.SchemaExport  : HHH000230: Schema export complete
2017-03-08 14:14:34.916  INFO 4616 --- [    Test worker] j.LocalContainerEntityManagerFactoryBean : Initialized JPA EntityManagerFactory for persistence unit 'default'
2017-03-08 14:14:35.416  INFO 4616 --- [    Test worker] s.w.s.m.m.a.RequestMappingHandlerAdapter : Looking for @ControllerAdvice: org.springframework.web.context.support.GenericWebApplicationContext@4d5f9adf: startup date [Wed Mar 08 14:14:32 CET 2017]; root of context hierarchy
2017-03-08 14:14:35.494  INFO 4616 --- [    Test worker] s.w.s.m.m.a.RequestMappingHandlerMapping : Mapped "{[/example],methods=[GET]}" onto public java.lang.String com.cegeka.school.controllers.ExampleController.printHelloWorld()
2017-03-08 14:14:35.494  INFO 4616 --- [    Test worker] s.w.s.m.m.a.RequestMappingHandlerMapping : Mapped "{[/error]}" onto public org.springframework.http.ResponseEntity<java.util.Map<java.lang.String, java.lang.Object>> org.springframework.boot.autoconfigure.web.BasicErrorController.error(javax.servlet.http.HttpServletRequest)
2017-03-08 14:14:35.494  INFO 4616 --- [    Test worker] s.w.s.m.m.a.RequestMappingHandlerMapping : Mapped "{[/error],produces=[text/html]}" onto public org.springframework.web.servlet.ModelAndView org.springframework.boot.autoconfigure.web.BasicErrorController.errorHtml(javax.servlet.http.HttpServletRequest,javax.servlet.http.HttpServletResponse)
2017-03-08 14:14:35.543  INFO 4616 --- [    Test worker] o.s.w.s.handler.SimpleUrlHandlerMapping  : Mapped URL path [/webjars/**] onto handler of type [class org.springframework.web.servlet.resource.ResourceHttpRequestHandler]
2017-03-08 14:14:35.543  INFO 4616 --- [    Test worker] o.s.w.s.handler.SimpleUrlHandlerMapping  : Mapped URL path [/**] onto handler of type [class org.springframework.web.servlet.resource.ResourceHttpRequestHandler]
2017-03-08 14:14:35.593  INFO 4616 --- [    Test worker] o.s.w.s.handler.SimpleUrlHandlerMapping  : Mapped URL path [/**/favicon.ico] onto handler of type [class org.springframework.web.servlet.resource.ResourceHttpRequestHandler]
2017-03-08 14:14:35.926  INFO 4616 --- [    Test worker] c.c.school.EvaluationApplicationTests    : Started EvaluationApplicationTests in 3.33 seconds (JVM running for 4.201)
]]></system-out>
  <system-err><![CDATA[]]></system-err>
</testsuite>
